0 info it worked if it ends with ok
1 verbose cli [ '/home/user/.nvm/versions/node/v5.10.0/bin/node',
1 verbose cli   '/home/user/.nvm/versions/node/v5.10.0/bin/npm',
1 verbose cli   'install',
1 verbose cli   '–save',
1 verbose cli   'socket.io' ]
2 info using npm@3.8.3
3 info using node@v5.10.0
4 silly loadCurrentTree Starting
5 silly install loadCurrentTree
6 silly install readLocalPackageData
7 silly fetchPackageMetaData –save
8 silly fetchPackageMetaData socket.io
9 silly fetchOtherPackageData –save
10 silly cache add args [ '–save', null ]
11 verbose cache add spec –save
12 silly fetchNamedPackageData socket.io
13 silly mapToRegistry name socket.io
14 silly mapToRegistry using default registry
15 silly mapToRegistry registry https://registry.npmjs.org/
16 silly mapToRegistry data Result {
16 silly mapToRegistry   raw: 'socket.io',
16 silly mapToRegistry   scope: null,
16 silly mapToRegistry   name: 'socket.io',
16 silly mapToRegistry   rawSpec: '',
16 silly mapToRegistry   spec: 'latest',
16 silly mapToRegistry   type: 'tag' }
17 silly mapToRegistry uri https://registry.npmjs.org/socket.io
18 silly cache add parsed spec Result {
18 silly cache add   raw: '–save',
18 silly cache add   scope: null,
18 silly cache add   name: null,
18 silly cache add   rawSpec: '–save',
18 silly cache add   spec: '/home/user/Documents/botTest/BotBuilder-master/my_bot/–save',
18 silly cache add   type: 'local' }
19 verbose request uri https://registry.npmjs.org/socket.io
20 verbose request no auth needed
21 info attempt registry request try #1 at 14:15:32
22 verbose request id 164902f1da6cb867
23 http request GET https://registry.npmjs.org/socket.io
24 error addLocal Could not install /home/user/Documents/botTest/BotBuilder-master/my_bot/–save
25 silly fetchPackageMetaData Error: ENOENT: no such file or directory, open '/home/user/Documents/botTest/BotBuilder-master/my_bot/–save'
25 silly fetchPackageMetaData     at Error (native)
25 silly fetchPackageMetaData  error for –save { [Error: ENOENT: no such file or directory, open '/home/user/Documents/botTest/BotBuilder-master/my_bot/–save']
25 silly fetchPackageMetaData   errno: -2,
25 silly fetchPackageMetaData   code: 'ENOENT',
25 silly fetchPackageMetaData   syscall: 'open',
25 silly fetchPackageMetaData   path: '/home/user/Documents/botTest/BotBuilder-master/my_bot/–save' }
26 verbose stack TypeError: The header content contains invalid characters
26 verbose stack     at ClientRequest.OutgoingMessage.setHeader (_http_outgoing.js:348:11)
26 verbose stack     at new ClientRequest (_http_client.js:85:14)
26 verbose stack     at Object.exports.request (http.js:31:10)
26 verbose stack     at Object.exports.request (https.js:196:15)
26 verbose stack     at Request.start (/home/user/.nvm/versions/node/v5.10.0/lib/node_modules/npm/node_modules/request/request.js:747:30)
26 verbose stack     at Request.end (/home/user/.nvm/versions/node/v5.10.0/lib/node_modules/npm/node_modules/request/request.js:1381:10)
26 verbose stack     at end (/home/user/.nvm/versions/node/v5.10.0/lib/node_modules/npm/node_modules/request/request.js:575:14)
26 verbose stack     at Immediate._onImmediate (/home/user/.nvm/versions/node/v5.10.0/lib/node_modules/npm/node_modules/request/request.js:589:7)
26 verbose stack     at tryOnImmediate (timers.js:534:15)
26 verbose stack     at processImmediate [as _immediateCallback] (timers.js:514:5)
27 verbose cwd /home/user/Documents/botTest/BotBuilder-master/my_bot
28 error Linux 3.13.0-37-generic
29 error argv "/home/user/.nvm/versions/node/v5.10.0/bin/node" "/home/user/.nvm/versions/node/v5.10.0/bin/npm" "install" "–save" "socket.io"
30 error node v5.10.0
31 error npm  v3.8.3
32 error The header content contains invalid characters
33 error If you need help, you may report this error at:
33 error     <https://github.com/npm/npm/issues>
34 verbose exit [ 1, true ]
